Log file open, 09/12/22 18:46:42
LogWindows: Failed to load 'aqProf.dll' (GetLastError=126)
LogWindows: File 'aqProf.dll' does not exist
LogWindows: Failed to load 'VtuneApi.dll' (GetLastError=126)
LogWindows: File 'VtuneApi.dll' does not exist
LogWindows: Failed to load 'VtuneApi32e.dll' (GetLastError=126)
LogWindows: File 'VtuneApi32e.dll' does not exist
LogConsoleResponse: Display: Failed to find resolution value strings in scalability ini. Falling back to default.
LogConsoleResponse: Display: Failed to find resolution value strings in scalability ini. Falling back to default.
LogInit: Display: Running engine for game: PotionParty
LogPlatformFile: Not using cached read wrapper
LogTaskGraph: Started task graph with 5 named threads and 47 total threads with 3 sets of task threads.
LogStats: Stats thread started at 6.143222
LogICUInternationalization: ICU TimeZone Detection - Raw Offset: -5:00, Platform Override: ''
LogInit: Display: Loading text-based GConfig....
LogPluginManager: Mounting plugin MeshPainting
LogPluginManager: Mounting plugin XGEController
LogPluginManager: Mounting plugin LightPropagationVolume
LogPluginManager: Mounting plugin EnvironmentQueryEditor
LogPluginManager: Mounting plugin AISupport
LogPluginManager: Mounting plugin CameraShakePreviewer
LogPluginManager: Mounting plugin GameplayCameras
LogPluginManager: Mounting plugin LiveLink
LogPluginManager: Mounting plugin OodleData
LogPluginManager: Mounting plugin OodleNetwork
LogPluginManager: Mounting plugin LauncherChunkInstaller
LogPluginManager: Mounting plugin UdpMessaging
LogPluginManager: Mounting plugin TcpMessaging
LogPluginManager: Mounting plugin AnimationSharing
LogPluginManager: Mounting plugin Paper2D
LogPluginManager: Mounting plugin CLionSourceCodeAccess
LogPluginManager: Mounting plugin CodeLiteSourceCodeAccess
LogPluginManager: Mounting plugin GitSourceControl
LogPluginManager: Mounting plugin KDevelopSourceCodeAccess
LogPluginManager: Mounting plugin RiderSourceCodeAccess
LogPluginManager: Mounting plugin NullSourceCodeAccess
LogPluginManager: Mounting plugin PerforceSourceControl
LogPluginManager: Mounting plugin PluginUtils
LogPluginManager: Mounting plugin UObjectPlugin
LogPluginManager: Mounting plugin VisualStudioCodeSourceCodeAccess
LogPluginManager: Mounting plugin AssetManagerEditor
LogPluginManager: Mounting plugin PixWinPlugin
LogPluginManager: Mounting plugin PlasticSourceControl
LogPluginManager: Mounting plugin PropertyAccessNode
LogPluginManager: Mounting plugin Niagara
LogPluginManager: Mounting plugin SubversionSourceControl
LogPluginManager: Mounting plugin TextureFormatOodle
LogPluginManager: Mounting plugin VisualStudioSourceCodeAccess
LogPluginManager: Mounting plugin XCodeSourceCodeAccess
LogPluginManager: Mounting plugin GameplayTagsEditor
LogPluginManager: Mounting plugin FacialAnimation
LogPluginManager: Mounting plugin GeometryMode
LogPluginManager: Mounting plugin CryptoKeys
LogPluginManager: Mounting plugin MacGraphicsSwitching
LogPluginManager: Mounting plugin CurveEditorTools
LogPluginManager: Mounting plugin MaterialAnalyzer
LogPluginManager: Mounting plugin DataValidation
LogPluginManager: Mounting plugin MobileLauncherProfileWizard
LogPluginManager: Mounting plugin SpeedTreeImporter
LogPluginManager: Mounting plugin PluginBrowser
LogPluginManager: Mounting plugin Takes
LogPluginManager: Mounting plugin ScreenshotTools
LogPluginManager: Mounting plugin DatasmithContent
LogPluginManager: Mounting plugin VariantManagerContent
LogPluginManager: Mounting plugin AndroidMedia
LogPluginManager: Mounting plugin AvfMedia
LogPluginManager: Mounting plugin ImgMedia
LogPluginManager: Mounting plugin MediaCompositing
LogPluginManager: Mounting plugin MediaPlayerEditor
LogPluginManager: Mounting plugin WebMMedia
LogPluginManager: Mounting plugin ActorSequence
LogPluginManager: Mounting plugin WmfMedia
LogPluginManager: Mounting plugin MatineeToLevelSequence
LogPluginManager: Mounting plugin TemplateSequence
LogPluginManager: Mounting plugin LevelSequenceEditor
LogPluginManager: Mounting plugin OnlineSubsystem
LogPluginManager: Mounting plugin LuminPlatformFeatures
LogPluginManager: Mounting plugin OnlineSubsystemNull
LogPluginManager: Mounting plugin OnlineSubsystemUtils
LogPluginManager: Mounting plugin MagicLeapMedia
LogPluginManager: Mounting plugin MLSDK
LogPluginManager: Mounting plugin MagicLeapPassableWorld
LogPluginManager: Mounting plugin AlembicImporter
LogPluginManager: Mounting plugin BackChannel
LogPluginManager: Mounting plugin AutomationUtils
LogPluginManager: Mounting plugin ChaosCloth
LogPluginManager: Mounting plugin MagicLeapLightEstimation
LogPluginManager: Mounting plugin ChaosClothEditor
LogPluginManager: Mounting plugin ChaosEditor
LogPluginManager: Mounting plugin MagicLeap
LogPluginManager: Mounting plugin ChaosSolverPlugin
LogPluginManager: Mounting plugin CharacterAI
LogPluginManager: Mounting plugin GeometryCache
LogPluginManager: Mounting plugin ChaosNiagara
LogPluginManager: Mounting plugin GeometryCollectionPlugin
LogPluginManager: Mounting plugin GeometryProcessing
LogPluginManager: Mounting plugin OpenImageDenoise
LogPluginManager: Mounting plugin PlanarCut
LogPluginManager: Mounting plugin PlatformCrypto
LogPluginManager: Mounting plugin ProxyLODPlugin
LogPluginManager: Mounting plugin MotoSynth
LogPluginManager: Mounting plugin SkeletalReduction
LogPluginManager: Mounting plugin ActorLayerUtilities
LogPluginManager: Mounting plugin AndroidMoviePlayer
LogPluginManager: Mounting plugin AndroidPermission
LogPluginManager: Mounting plugin AndroidDeviceProfileSelector
LogPluginManager: Mounting plugin PythonScriptPlugin
LogPluginManager: Mounting plugin AppleImageUtils
LogPluginManager: Mounting plugin AppleMoviePlayer
LogPluginManager: Mounting plugin ArchVisCharacter
LogPluginManager: Mounting plugin AssetTags
LogPluginManager: Mounting plugin AudioCapture
LogPluginManager: Mounting plugin AudioSynesthesia
LogPluginManager: Mounting plugin CableComponent
LogPluginManager: Mounting plugin ChunkDownloader
LogPluginManager: Mounting plugin CustomMeshComponent
LogPluginManager: Mounting plugin EditableMesh
LogPluginManager: Mounting plugin ExampleDeviceProfileSelector
LogPluginManager: Mounting plugin GoogleCloudMessaging
LogPluginManager: Mounting plugin GooglePAD
LogPluginManager: Mounting plugin IOSDeviceProfileSelector
LogPluginManager: Mounting plugin LinuxDeviceProfileSelector
LogPluginManager: Mounting plugin LocationServicesBPLibrary
LogPluginManager: Mounting plugin MobilePatchingUtils
LogPluginManager: Mounting plugin OpenXR
LogPluginManager: Mounting plugin OpenXREyeTracker
LogPluginManager: Mounting plugin OpenXRHandTracking
LogPluginManager: Mounting plugin PhysXVehicles
LogPluginManager: Mounting plugin PostSplashScreen
LogPluginManager: Mounting plugin ProceduralMeshComponent
LogPluginManager: Mounting plugin PropertyAccessEditor
LogPluginManager: Mounting plugin RuntimePhysXCooking
LogPluginManager: Mounting plugin SignificanceManager
LogPluginManager: Mounting plugin SoundFields
LogPluginManager: Mounting plugin WebMMoviePlayer
LogPluginManager: Mounting plugin WindowsMoviePlayer
LogPluginManager: Mounting plugin Synthesis
LogPluginManager: Mounting plugin ContentBrowserAssetDataSource
LogPluginManager: Mounting plugin ContentBrowserClassDataSource
LogPluginManager: Mounting plugin ContentBrowserFileDataSource
LogPluginManager: Mounting plugin OnlineSubsystemGooglePlay
LogPluginManager: Mounting plugin OnlineSubsystemIOS
LogPluginManager: Mounting plugin OculusVR
LogPluginManager: Mounting plugin SteamVR
PixWinPlugin: PIX capture plugin failed to initialize! Check that the process is launched from PIX.
LogInit: Using libcurl 7.55.1-DEV
LogInit:  - built for x86_64-pc-win32
LogInit:  - supports SSL with OpenSSL/1.1.1
LogInit:  - supports HTTP deflate (compression) using libz 1.2.8
LogInit:  - other features:
LogInit:      CURL_VERSION_SSL
LogInit:      CURL_VERSION_LIBZ
LogInit:      CURL_VERSION_IPV6
LogInit:      CURL_VERSION_ASYNCHDNS
LogInit:      CURL_VERSION_LARGEFILE
LogInit:      CURL_VERSION_IDN
LogInit:  CurlRequestOptions (configurable via config and command line):
LogInit:  - bVerifyPeer = true  - Libcurl will verify peer certificate
LogInit:  - bUseHttpProxy = false  - Libcurl will NOT use HTTP proxy
LogInit:  - bDontReuseConnections = false  - Libcurl will reuse connections
LogInit:  - MaxHostConnections = 16  - Libcurl will limit the number of connections to a host
LogInit:  - LocalHostAddr = Default
LogInit:  - BufferSize = 65536
LogOnline: OSS: Creating online subsystem instance for: NULL
LogInit: WinSock: version 1.1 (2.2), MaxSocks=32767, MaxUdp=65467
LogOnline: OSS: TryLoadSubsystemAndSetDefault: Loaded subsystem for module [NULL]
LogOculusPluginWrapper: OculusPlugin initialized successfully
LogHMD: Failed initializing OVRPlugin 1.59.0
LogInit: Build: ++UE4+Release-4.27-CL-18319896
LogInit: Engine Version: 4.27.2-18319896+++UE4+Release-4.27
LogInit: Compatible Engine Version: 4.27.0-17155196+++UE4+Release-4.27
LogInit: Net CL: 17155196
LogInit: OS: Windows 10 (Release 2009) (), CPU: AMD Ryzen 7 2700 Eight-Core Processor          , GPU: NVIDIA GeForce GTX 1650
LogInit: Compiled (64-bit): Nov 30 2021 07:12:08
LogInit: Compiled with Visual C++: 19.24.28315.00
LogInit: Build Configuration: Development
LogInit: Branch Name: ++UE4+Release-4.27
LogInit: Command Line:  -game
LogInit: Base Directory: D:/Program/Epic Games/UE_4.27/Engine/Binaries/Win64/
LogInit: Allocator: TBB
LogInit: Installed Engine Build: 1
LogDevObjectVersion: Number of dev versions registered: 29
LogDevObjectVersion:   Dev-Blueprints (B0D832E4-1F89-4F0D-ACCF-7EB736FD4AA2): 10
LogDevObjectVersion:   Dev-Build (E1C64328-A22C-4D53-A36C-8E866417BD8C): 0
LogDevObjectVersion:   Dev-Core (375EC13C-06E4-48FB-B500-84F0262A717E): 4
LogDevObjectVersion:   Dev-Editor (E4B068ED-F494-42E9-A231-DA0B2E46BB41): 40
LogDevObjectVersion:   Dev-Framework (CFFC743F-43B0-4480-9391-14DF171D2073): 37
LogDevObjectVersion:   Dev-Mobile (B02B49B5-BB20-44E9-A304-32B752E40360): 3
LogDevObjectVersion:   Dev-Networking (A4E4105C-59A1-49B5-A7C5-40C4547EDFEE): 0
LogDevObjectVersion:   Dev-Online (39C831C9-5AE6-47DC-9A44-9C173E1C8E7C): 0
LogDevObjectVersion:   Dev-Physics (78F01B33-EBEA-4F98-B9B4-84EACCB95AA2): 14
LogDevObjectVersion:   Dev-Platform (6631380F-2D4D-43E0-8009-CF276956A95A): 0
LogDevObjectVersion:   Dev-Rendering (12F88B9F-8875-4AFC-A67C-D90C383ABD29): 45
LogDevObjectVersion:   Dev-Sequencer (7B5AE74C-D270-4C10-A958-57980B212A5A): 13
LogDevObjectVersion:   Dev-VR (D7296918-1DD6-4BDD-9DE2-64A83CC13884): 3
LogDevObjectVersion:   Dev-LoadTimes (C2A15278-BFE7-4AFE-6C17-90FF531DF755): 1
LogDevObjectVersion:   Private-Geometry (6EACA3D4-40EC-4CC1-B786-8BED09428FC5): 3
LogDevObjectVersion:   Dev-AnimPhys (29E575DD-E0A3-4627-9D10-D276232CDCEA): 17
LogDevObjectVersion:   Dev-Anim (AF43A65D-7FD3-4947-9873-3E8ED9C1BB05): 15
LogDevObjectVersion:   Dev-ReflectionCapture (6B266CEC-1EC7-4B8F-A30B-E4D90942FC07): 1
LogDevObjectVersion:   Dev-Automation (0DF73D61-A23F-47EA-B727-89E90C41499A): 1
LogDevObjectVersion:   FortniteMain (601D1886-AC64-4F84-AA16-D3DE0DEAC7D6): 47
LogDevObjectVersion:   FortniteRelease (E7086368-6B23-4C58-8439-1B7016265E91): 1
LogDevObjectVersion:   Dev-Enterprise (9DFFBCD6-494F-0158-E221-12823C92A888): 10
LogDevObjectVersion:   Dev-Niagara (F2AED0AC-9AFE-416F-8664-AA7FFA26D6FC): 1
LogDevObjectVersion:   Dev-Destruction (174F1F0B-B4C6-45A5-B13F-2EE8D0FB917D): 10
LogDevObjectVersion:   Dev-Physics-Ext (35F94A83-E258-406C-A318-09F59610247C): 41
LogDevObjectVersion:   Dev-PhysicsMaterial-Chaos (B68FC16E-8B1B-42E2-B453-215C058844FE): 1
LogDevObjectVersion:   Dev-CineCamera (B2E18506-4273-CFC2-A54E-F4BB758BBA07): 1
LogDevObjectVersion:   Dev-VirtualProduction (64F58936-FD1B-42BA-BA96-7289D5D0FA4E): 1
LogDevObjectVersion:   Dev-MediaFramework (6F0ED827-A609-4895-9C91-998D90180EA4): 2
LogInit: Presizing for max 25165824 objects, including 0 objects not considered by GC, pre-allocating 0 bytes for permanent pool.
LogConfig: Applying CVar settings from Section [/Script/Engine.StreamingSettings] File [D:/Workspace_Project/PotionParty/A22_PA_PotionParty/PotionParty/Saved/Config/Windows/Engine.ini]
LogConfig: Setting CVar [[s.MinBulkDataSizeForAsyncLoading:131072]]
LogConfig: Setting CVar [[s.AsyncLoadingThreadEnabled:0]]
LogConfig: Setting CVar [[s.EventDrivenLoaderEnabled:1]]
LogConfig: Setting CVar [[s.WarnIfTimeLimitExceeded:0]]
LogConfig: Setting CVar [[s.TimeLimitExceededMultiplier:1.5]]
LogConfig: Setting CVar [[s.TimeLimitExceededMinTime:0.005]]
LogConfig: Setting CVar [[s.UseBackgroundLevelStreaming:1]]
LogConfig: Setting CVar [[s.PriorityAsyncLoadingExtraTime:15.0]]
LogConfig: Setting CVar [[s.LevelStreamingActorsUpdateTimeLimit:5.0]]
LogConfig: Setting CVar [[s.PriorityLevelStreamingActorsUpdateExtraTime:5.0]]
LogConfig: Setting CVar [[s.LevelStreamingComponentsRegistrationGranularity:10]]
LogConfig: Setting CVar [[s.UnregisterComponentsTimeLimit:1.0]]
LogConfig: Setting CVar [[s.LevelStreamingComponentsUnregistrationGranularity:5]]
LogConfig: Setting CVar [[s.FlushStreamingOnExit:1]]
LogInit: Object subsystem initialized
LogConfig: Setting CVar [[con.DebugEarlyDefault:1]]
LogConfig: Setting CVar [[r.setres:1280x720]]
[2022.09.12-22.46.46:628][  0]LogConfig: Setting CVar [[con.DebugEarlyDefault:1]]
[2022.09.12-22.46.46:628][  0]LogConfig: Setting CVar [[r.setres:1280x720]]
[2022.09.12-22.46.46:628][  0]LogConfig: Applying CVar settings from Section [/Script/Engine.RendererSettings] File [D:/Workspace_Project/PotionParty/A22_PA_PotionParty/PotionParty/Saved/Config/Windows/Engine.ini]
[2022.09.12-22.46.46:628][  0]LogConfig: Setting CVar [[r.GPUCrashDebugging:0]]
[2022.09.12-22.46.46:628][  0]LogConfig: Applying CVar settings from Section [/Script/Engine.RendererOverrideSettings] File [D:/Workspace_Project/PotionParty/A22_PA_PotionParty/PotionParty/Saved/Config/Windows/Engine.ini]
[2022.09.12-22.46.46:628][  0]LogConfig: Applying CVar settings from Section [/Script/Engine.StreamingSettings] File [D:/Workspace_Project/PotionParty/A22_PA_PotionParty/PotionParty/Saved/Config/Windows/Engine.ini]
[2022.09.12-22.46.46:628][  0]LogConfig: Setting CVar [[s.MinBulkDataSizeForAsyncLoading:131072]]
[2022.09.12-22.46.46:628][  0]LogConfig: Setting CVar [[s.AsyncLoadingThreadEnabled:0]]
[2022.09.12-22.46.46:628][  0]LogConfig: Setting CVar [[s.EventDrivenLoaderEnabled:1]]
[2022.09.12-22.46.46:628][  0]LogConfig: Setting CVar [[s.WarnIfTimeLimitExceeded:0]]
[2022.09.12-22.46.46:628][  0]LogConfig: Setting CVar [[s.TimeLimitExceededMultiplier:1.5]]
[2022.09.12-22.46.46:628][  0]LogConfig: Setting CVar [[s.TimeLimitExceededMinTime:0.005]]
[2022.09.12-22.46.46:628][  0]LogConfig: Setting CVar [[s.UseBackgroundLevelStreaming:1]]
[2022.09.12-22.46.46:628][  0]LogConfig: Setting CVar [[s.PriorityAsyncLoadingExtraTime:15.0]]
[2022.09.12-22.46.46:628][  0]LogConfig: Setting CVar [[s.LevelStreamingActorsUpdateTimeLimit:5.0]]
[2022.09.12-22.46.46:628][  0]LogConfig: Setting CVar [[s.PriorityLevelStreamingActorsUpdateExtraTime:5.0]]
[2022.09.12-22.46.46:628][  0]LogConfig: Setting CVar [[s.LevelStreamingComponentsRegistrationGranularity:10]]
[2022.09.12-22.46.46:628][  0]LogConfig: Setting CVar [[s.UnregisterComponentsTimeLimit:1.0]]
[2022.09.12-22.46.46:628][  0]LogConfig: Setting CVar [[s.LevelStreamingComponentsUnregistrationGranularity:5]]
[2022.09.12-22.46.46:628][  0]LogConfig: Setting CVar [[s.FlushStreamingOnExit:1]]
[2022.09.12-22.46.46:628][  0]LogConfig: Applying CVar settings from Section [/Script/Engine.GarbageCollectionSettings] File [D:/Workspace_Project/PotionParty/A22_PA_PotionParty/PotionParty/Saved/Config/Windows/Engine.ini]
[2022.09.12-22.46.46:628][  0]LogConfig: Setting CVar [[gc.MaxObjectsNotConsideredByGC:1]]
[2022.09.12-22.46.46:628][  0]LogConfig: Setting CVar [[gc.SizeOfPermanentObjectPool:0]]
[2022.09.12-22.46.46:628][  0]LogConfig: Setting CVar [[gc.FlushStreamingOnGC:0]]
[2022.09.12-22.46.46:628][  0]LogConfig: Setting CVar [[gc.NumRetriesBeforeForcingGC:10]]
[2022.09.12-22.46.46:628][  0]LogConfig: Setting CVar [[gc.AllowParallelGC:1]]
[2022.09.12-22.46.46:628][  0]LogConfig: Setting CVar [[gc.TimeBetweenPurgingPendingKillObjects:61.1]]
[2022.09.12-22.46.46:628][  0]LogConfig: Setting CVar [[gc.MaxObjectsInEditor:25165824]]
[2022.09.12-22.46.46:628][  0]LogConfig: Setting CVar [[gc.IncrementalBeginDestroyEnabled:1]]
[2022.09.12-22.46.46:628][  0]LogConfig: Setting CVar [[gc.CreateGCClusters:1]]
[2022.09.12-22.46.46:628][  0]LogConfig: Setting CVar [[gc.MinGCClusterSize:5]]
[2022.09.12-22.46.46:629][  0]LogConfig: Setting CVar [[gc.ActorClusteringEnabled:0]]
[2022.09.12-22.46.46:629][  0]LogConfig: Setting CVar [[gc.BlueprintClusteringEnabled:0]]
[2022.09.12-22.46.46:629][  0]LogConfig: Setting CVar [[gc.UseDisregardForGCOnDedicatedServers:0]]
[2022.09.12-22.46.46:629][  0]LogConfig: Setting CVar [[gc.MultithreadedDestructionEnabled:1]]
[2022.09.12-22.46.46:629][  0]LogConfig: Applying CVar settings from Section [/Script/Engine.NetworkSettings] File [D:/Workspace_Project/PotionParty/A22_PA_PotionParty/PotionParty/Saved/Config/Windows/Engine.ini]
[2022.09.12-22.46.46:629][  0]LogConfig: Applying CVar settings from Section [/Script/UnrealEd.CookerSettings] File [D:/Workspace_Project/PotionParty/A22_PA_PotionParty/PotionParty/Saved/Config/Windows/Engine.ini]
[2022.09.12-22.46.46:759][  0]LogConfig: Applying CVar settings from Section [ViewDistanceQuality@3] File [D:/Workspace_Project/PotionParty/A22_PA_PotionParty/PotionParty/Saved/Config/Windows/Scalability.ini]
[2022.09.12-22.46.46:759][  0]LogConfig: Setting CVar [[r.SkeletalMeshLODBias:0]]
[2022.09.12-22.46.46:759][  0]LogConfig: Setting CVar [[r.ViewDistanceScale:1.0]]
[2022.09.12-22.46.46:759][  0]LogConfig: Applying CVar settings from Section [AntiAliasingQuality@3] File [D:/Workspace_Project/PotionParty/A22_PA_PotionParty/PotionParty/Saved/Config/Windows/Scalability.ini]
[2022.09.12-22.46.46:759][  0]LogConfig: Setting CVar [[r.PostProcessAAQuality:4]]
[2022.09.12-22.46.46:759][  0]LogConfig: Applying CVar settings from Section [ShadowQuality@3] File [D:/Workspace_Project/PotionParty/A22_PA_PotionParty/PotionParty/Saved/Config/Windows/Scalability.ini]
[2022.09.12-22.46.46:759][  0]LogConfig: Setting CVar [[r.LightFunctionQuality:1]]
[2022.09.12-22.46.46:759][  0]LogConfig: Setting CVar [[r.ShadowQuality:5]]
[2022.09.12-22.46.46:759][  0]LogConfig: Setting CVar [[r.Shadow.CSM.MaxCascades:10]]
[2022.09.12-22.46.46:759][  0]LogConfig: Setting CVar [[r.Shadow.MaxResolution:2048]]
[2022.09.12-22.46.46:759][  0]LogConfig: Setting CVar [[r.Shadow.MaxCSMResolution:2048]]
[2022.09.12-22.46.46:759][  0]LogConfig: Setting CVar [[r.Shadow.RadiusThreshold:0.01]]
[2022.09.12-22.46.46:759][  0]LogConfig: Setting CVar [[r.Shadow.DistanceScale:1.0]]
[2022.09.12-22.46.46:759][  0]LogConfig: Setting CVar [[r.Shadow.CSM.TransitionScale:1.0]]
[2022.09.12-22.46.46:759][  0]LogConfig: Setting CVar [[r.Shadow.PreShadowResolutionFactor:1.0]]
[2022.09.12-22.46.46:759][  0]LogConfig: Setting CVar [[r.DistanceFieldShadowing:1]]
[2022.09.12-22.46.46:759][  0]LogConfig: Setting CVar [[r.DistanceFieldAO:1]]
[2022.09.12-22.46.46:759][  0]LogConfig: Setting CVar [[r.AOQuality:2]]
[2022.09.12-22.46.46:759][  0]LogConfig: Setting CVar [[r.VolumetricFog:1]]
[2022.09.12-22.46.46:759][  0]LogConfig: Setting CVar [[r.VolumetricFog.GridPixelSize:8]]
[2022.09.12-22.46.46:759][  0]LogConfig: Setting CVar [[r.VolumetricFog.GridSizeZ:128]]
[2022.09.12-22.46.46:759][  0]LogConfig: Setting CVar [[r.VolumetricFog.HistoryMissSupersampleCount:4]]
[2022.09.12-22.46.46:759][  0]LogConfig: Setting CVar [[r.LightMaxDrawDistanceScale:1]]
[2022.09.12-22.46.46:759][  0]LogConfig: Setting CVar [[r.CapsuleShadows:1]]
[2022.09.12-22.46.46:759][  0]LogConfig: Applying CVar settings from Section [PostProcessQuality@3] File [D:/Workspace_Project/PotionParty/A22_PA_PotionParty/PotionParty/Saved/Config/Windows/Scalability.ini]
[2022.09.12-22.46.46:759][  0]LogConfig: Setting CVar [[r.MotionBlurQuality:4]]
[2022.09.12-22.46.46:759][  0]LogConfig: Setting CVar [[r.AmbientOcclusionMipLevelFactor:0.4]]
[2022.09.12-22.46.46:759][  0]LogConfig: Setting CVar [[r.AmbientOcclusionMaxQuality:100]]
[2022.09.12-22.46.46:759][  0]LogConfig: Setting CVar [[r.AmbientOcclusionLevels:-1]]
[2022.09.12-22.46.46:759][  0]LogConfig: Setting CVar [[r.AmbientOcclusionRadiusScale:1.0]]
[2022.09.12-22.46.46:759][  0]LogConfig: Setting CVar [[r.DepthOfFieldQuality:2]]
[2022.09.12-22.46.46:759][  0]LogConfig: Setting CVar [[r.RenderTargetPoolMin:400]]
[2022.09.12-22.46.46:759][  0]LogConfig: Setting CVar [[r.LensFlareQuality:2]]
[2022.09.12-22.46.46:759][  0]LogConfig: Setting CVar [[r.SceneColorFringeQuality:1]]
[2022.09.12-22.46.46:759][  0]LogConfig: Setting CVar [[r.EyeAdaptationQuality:2]]
[2022.09.12-22.46.46:759][  0]LogConfig: Setting CVar [[r.BloomQuality:5]]
[2022.09.12-22.46.46:759][  0]LogConfig: Setting CVar [[r.FastBlurThreshold:100]]
[2022.09.12-22.46.46:759][  0]LogConfig: Setting CVar [[r.Upscale.Quality:3]]
[2022.09.12-22.46.46:759][  0]LogConfig: Setting CVar [[r.Tonemapper.GrainQuantization:1]]
[2022.09.12-22.46.46:759][  0]LogConfig: Setting CVar [[r.LightShaftQuality:1]]
[2022.09.12-22.46.46:759][  0]LogConfig: Setting CVar [[r.Filter.SizeScale:1]]
[2022.09.12-22.46.46:759][  0]LogConfig: Setting CVar [[r.Tonemapper.Quality:5]]
[2022.09.12-22.46.46:759][  0]LogConfig: Setting CVar [[r.DOF.Gather.AccumulatorQuality:1        ; higher gathering accumulator quality]]
[2022.09.12-22.46.46:759][  0]LogConfig: Setting CVar [[r.DOF.Gather.PostfilterMethod:1          ; Median3x3 postfilering method]]
[2022.09.12-22.46.46:759][  0]LogConfig: Setting CVar [[r.DOF.Gather.EnableBokehSettings:0       ; no bokeh simulation when gathering]]
[2022.09.12-22.46.46:759][  0]LogConfig: Setting CVar [[r.DOF.Gather.RingCount:4                 ; medium number of samples when gathering]]
[2022.09.12-22.46.46:759][  0]LogConfig: Setting CVar [[r.DOF.Scatter.ForegroundCompositing:1    ; additive foreground scattering]]
[2022.09.12-22.46.46:759][  0]LogConfig: Setting CVar [[r.DOF.Scatter.BackgroundCompositing:2    ; additive background scattering]]
[2022.09.12-22.46.46:759][  0]LogConfig: Setting CVar [[r.DOF.Scatter.EnableBokehSettings:1      ; bokeh simulation when scattering]]
[2022.09.12-22.46.46:759][  0]LogConfig: Setting CVar [[r.DOF.Scatter.MaxSpriteRatio:0.1         ; only a maximum of 10% of scattered bokeh]]
[2022.09.12-22.46.46:759][  0]LogConfig: Setting CVar [[r.DOF.Recombine.Quality:1                ; cheap slight out of focus]]
[2022.09.12-22.46.46:759][  0]LogConfig: Setting CVar [[r.DOF.Recombine.EnableBokehSettings:0    ; no bokeh simulation on slight out of focus]]
[2022.09.12-22.46.46:759][  0]LogConfig: Setting CVar [[r.DOF.TemporalAAQuality:1                ; more stable temporal accumulation]]
[2022.09.12-22.46.46:759][  0]LogConfig: Setting CVar [[r.DOF.Kernel.MaxForegroundRadius:0.025]]
[2022.09.12-22.46.46:759][  0]LogConfig: Setting CVar [[r.DOF.Kernel.MaxBackgroundRadius:0.025]]
[2022.09.12-22.46.46:759][  0]LogConfig: Applying CVar settings from Section [TextureQuality@3] File [D:/Workspace_Project/PotionParty/A22_PA_PotionParty/PotionParty/Saved/Config/Windows/Scalability.ini]
[2022.09.12-22.46.46:759][  0]LogConfig: Setting CVar [[r.Streaming.MipBias:0]]
[2022.09.12-22.46.46:760][  0]LogConfig: Setting CVar [[r.Streaming.AmortizeCPUToGPUCopy:0]]
[2022.09.12-22.46.46:760][  0]LogConfig: Setting CVar [[r.Streaming.MaxNumTexturesToStreamPerFrame:0]]
[2022.09.12-22.46.46:760][  0]LogConfig: Setting CVar [[r.Streaming.Boost:1]]
[2022.09.12-22.46.46:760][  0]LogConfig: Setting CVar [[r.MaxAnisotropy:8]]
[2022.09.12-22.46.46:760][  0]LogConfig: Setting CVar [[r.VT.MaxAnisotropy:8]]
[2022.09.12-22.46.46:760][  0]LogConfig: Setting CVar [[r.Streaming.LimitPoolSizeToVRAM:0]]
[2022.09.12-22.46.46:760][  0]LogConfig: Setting CVar [[r.Streaming.PoolSize:1000]]
[2022.09.12-22.46.46:760][  0]LogConfig: Setting CVar [[r.Streaming.MaxEffectiveScreenSize:0]]
[2022.09.12-22.46.46:760][  0]LogConfig: Applying CVar settings from Section [EffectsQuality@3] File [D:/Workspace_Project/PotionParty/A22_PA_PotionParty/PotionParty/Saved/Config/Windows/Scalability.ini]
[2022.09.12-22.46.46:760][  0]LogConfig: Setting CVar [[r.TranslucencyLightingVolumeDim:64]]
[2022.09.12-22.46.46:760][  0]LogConfig: Setting CVar [[r.RefractionQuality:2]]
[2022.09.12-22.46.46:760][  0]LogConfig: Setting CVar [[r.SSR.Quality:3]]
[2022.09.12-22.46.46:760][  0]LogConfig: Setting CVar [[r.SSR.HalfResSceneColor:0]]
[2022.09.12-22.46.46:760][  0]LogConfig: Setting CVar [[r.SceneColorFormat:4]]
[2022.09.12-22.46.46:760][  0]LogConfig: Setting CVar [[r.DetailMode:2]]
[2022.09.12-22.46.46:760][  0]LogConfig: Setting CVar [[r.TranslucencyVolumeBlur:1]]
[2022.09.12-22.46.46:760][  0]LogConfig: Setting CVar [[r.MaterialQualityLevel:1 ; High quality]]
[2022.09.12-22.46.46:760][  0]LogConfig: Setting CVar [[r.AnisotropicMaterials:1]]
[2022.09.12-22.46.46:760][  0]LogConfig: Setting CVar [[r.SSS.Scale:1]]
[2022.09.12-22.46.46:760][  0]LogConfig: Setting CVar [[r.SSS.SampleSet:2]]
[2022.09.12-22.46.46:760][  0]LogConfig: Setting CVar [[r.SSS.Quality:1]]
[2022.09.12-22.46.46:760][  0]LogConfig: Setting CVar [[r.SSS.HalfRes:0]]
[2022.09.12-22.46.46:760][  0]LogConfig: Setting CVar [[r.SSGI.Quality:3]]
[2022.09.12-22.46.46:760][  0]LogConfig: Setting CVar [[r.EmitterSpawnRateScale:1.0]]
[2022.09.12-22.46.46:760][  0]LogConfig: Setting CVar [[r.ParticleLightQuality:2]]
[2022.09.12-22.46.46:760][  0]LogConfig: Setting CVar [[r.SkyAtmosphere.AerialPerspectiveLUT.FastApplyOnOpaque:1 ; Always have FastSkyLUT 1 in this case to avoid wrong sky]]
[2022.09.12-22.46.46:760][  0]LogConfig: Setting CVar [[r.SkyAtmosphere.AerialPerspectiveLUT.SampleCountMaxPerSlice:4]]
[2022.09.12-22.46.46:760][  0]LogConfig: Setting CVar [[r.SkyAtmosphere.AerialPerspectiveLUT.DepthResolution:16.0]]
[2022.09.12-22.46.46:760][  0]LogConfig: Setting CVar [[r.SkyAtmosphere.FastSkyLUT:1]]
[2022.09.12-22.46.46:760][  0]LogConfig: Setting CVar [[r.SkyAtmosphere.FastSkyLUT.SampleCountMin:4.0]]
[2022.09.12-22.46.46:760][  0]LogConfig: Setting CVar [[r.SkyAtmosphere.FastSkyLUT.SampleCountMax:128.0]]
[2022.09.12-22.46.46:760][  0]LogConfig: Setting CVar [[r.SkyAtmosphere.SampleCountMin:4.0]]
[2022.09.12-22.46.46:760][  0]LogConfig: Setting CVar [[r.SkyAtmosphere.SampleCountMax:128.0]]
[2022.09.12-22.46.46:760][  0]LogConfig: Setting CVar [[r.SkyAtmosphere.TransmittanceLUT.UseSmallFormat:0]]
[2022.09.12-22.46.46:760][  0]LogConfig: Setting CVar [[r.SkyAtmosphere.TransmittanceLUT.SampleCount:10.0]]
[2022.09.12-22.46.46:760][  0]LogConfig: Setting CVar [[r.SkyAtmosphere.MultiScatteringLUT.SampleCount:15.0]]
[2022.09.12-22.46.46:760][  0]LogConfig: Setting CVar [[r.SkyLight.RealTimeReflectionCapture:1]]
[2022.09.12-22.46.46:760][  0]LogConfig: Applying CVar settings from Section [FoliageQuality@3] File [D:/Workspace_Project/PotionParty/A22_PA_PotionParty/PotionParty/Saved/Config/Windows/Scalability.ini]
[2022.09.12-22.46.46:760][  0]LogConfig: Setting CVar [[foliage.DensityScale:1.0]]
[2022.09.12-22.46.46:760][  0]LogConfig: Setting CVar [[grass.DensityScale:1.0]]
[2022.09.12-22.46.46:760][  0]LogConfig: Applying CVar settings from Section [ShadingQuality@3] File [D:/Workspace_Project/PotionParty/A22_PA_PotionParty/PotionParty/Saved/Config/Windows/Scalability.ini]
[2022.09.12-22.46.46:760][  0]LogConfig: Setting CVar [[r.HairStrands.SkyLighting.IntegrationType:2]]
[2022.09.12-22.46.46:760][  0]LogConfig: Setting CVar [[r.HairStrands.SkyAO.SampleCount:4]]
[2022.09.12-22.46.46:760][  0]LogConfig: Setting CVar [[r.HairStrands.Visibility.MSAA.SamplePerPixel:4]]
[2022.09.12-22.46.46:764][  0]LogInit: Selected Device Profile: [Windows]
[2022.09.12-22.46.46:769][  0]LogInit: Applying CVar settings loaded from the selected device profile: [Windows]
[2022.09.12-22.46.46:779][  0]LogHAL: Display: Platform has ~ 16 GB [17113387008 / 17179869184 / 16], which maps to Larger [LargestMinGB=32, LargerMinGB=12, DefaultMinGB=8, SmallerMinGB=6, SmallestMinGB=0)
[2022.09.12-22.46.46:779][  0]LogInit: Going up to parent DeviceProfile []
[2022.09.12-22.46.46:785][  0]LogConfig: Applying CVar settings from Section [ViewDistanceQuality@3] File [D:/Workspace_Project/PotionParty/A22_PA_PotionParty/PotionParty/Saved/Config/Windows/Scalability.ini]
[2022.09.12-22.46.46:785][  0]LogConfig: Setting CVar [[r.SkeletalMeshLODBias:0]]
[2022.09.12-22.46.46:785][  0]LogConfig: Setting CVar [[r.ViewDistanceScale:1.0]]
[2022.09.12-22.46.46:785][  0]LogConfig: Applying CVar settings from Section [AntiAliasingQuality@3] File [D:/Workspace_Project/PotionParty/A22_PA_PotionParty/PotionParty/Saved/Config/Windows/Scalability.ini]
[2022.09.12-22.46.46:785][  0]LogConfig: Setting CVar [[r.PostProcessAAQuality:4]]
[2022.09.12-22.46.46:785][  0]LogConfig: Applying CVar settings from Section [ShadowQuality@3] File [D:/Workspace_Project/PotionParty/A22_PA_PotionParty/PotionParty/Saved/Config/Windows/Scalability.ini]
[2022.09.12-22.46.46:785][  0]LogConfig: Setting CVar [[r.LightFunctionQuality:1]]
[2022.09.12-22.46.46:785][  0]LogConfig: Setting CVar [[r.ShadowQuality:5]]
[2022.09.12-22.46.46:785][  0]LogConfig: Setting CVar [[r.Shadow.CSM.MaxCascades:10]]
[2022.09.12-22.46.46:785][  0]LogConfig: Setting CVar [[r.Shadow.MaxResolution:2048]]
[2022.09.12-22.46.46:785][  0]LogConfig: Setting CVar [[r.Shadow.MaxCSMResolution:2048]]
[2022.09.12-22.46.46:785][  0]LogConfig: Setting CVar [[r.Shadow.RadiusThreshold:0.01]]
[2022.09.12-22.46.46:785][  0]LogConfig: Setting CVar [[r.Shadow.DistanceScale:1.0]]
[2022.09.12-22.46.46:785][  0]LogConfig: Setting CVar [[r.Shadow.CSM.TransitionScale:1.0]]
[2022.09.12-22.46.46:785][  0]LogConfig: Setting CVar [[r.Shadow.PreShadowResolutionFactor:1.0]]
[2022.09.12-22.46.46:785][  0]LogConfig: Setting CVar [[r.DistanceFieldShadowing:1]]
[2022.09.12-22.46.46:785][  0]LogConfig: Setting CVar [[r.DistanceFieldAO:1]]
[2022.09.12-22.46.46:785][  0]LogConfig: Setting CVar [[r.AOQuality:2]]
[2022.09.12-22.46.46:785][  0]LogConfig: Setting CVar [[r.VolumetricFog:1]]
[2022.09.12-22.46.46:785][  0]LogConfig: Setting CVar [[r.VolumetricFog.GridPixelSize:8]]
[2022.09.12-22.46.46:785][  0]LogConfig: Setting CVar [[r.VolumetricFog.GridSizeZ:128]]
[2022.09.12-22.46.46:785][  0]LogConfig: Setting CVar [[r.VolumetricFog.HistoryMissSupersampleCount:4]]
[2022.09.12-22.46.46:785][  0]LogConfig: Setting CVar [[r.LightMaxDrawDistanceScale:1]]
[2022.09.12-22.46.46:785][  0]LogConfig: Setting CVar [[r.CapsuleShadows:1]]
[2022.09.12-22.46.46:785][  0]LogConfig: Applying CVar settings from Section [PostProcessQuality@3] File [D:/Workspace_Project/PotionParty/A22_PA_PotionParty/PotionParty/Saved/Config/Windows/Scalability.ini]
[2022.09.12-22.46.46:785][  0]LogConfig: Setting CVar [[r.MotionBlurQuality:4]]
[2022.09.12-22.46.46:785][  0]LogConfig: Setting CVar [[r.AmbientOcclusionMipLevelFactor:0.4]]
[2022.09.12-22.46.46:785][  0]LogConfig: Setting CVar [[r.AmbientOcclusionMaxQuality:100]]
[2022.09.12-22.46.46:785][  0]LogConfig: Setting CVar [[r.AmbientOcclusionLevels:-1]]
[2022.09.12-22.46.46:785][  0]LogConfig: Setting CVar [[r.AmbientOcclusionRadiusScale:1.0]]
[2022.09.12-22.46.46:785][  0]LogConfig: Setting CVar [[r.DepthOfFieldQuality:2]]
[2022.09.12-22.46.46:785][  0]LogConfig: Setting CVar [[r.RenderTargetPoolMin:400]]
[2022.09.12-22.46.46:785][  0]LogConfig: Setting CVar [[r.LensFlareQuality:2]]
[2022.09.12-22.46.46:785][  0]LogConfig: Setting CVar [[r.SceneColorFringeQuality:1]]
[2022.09.12-22.46.46:785][  0]LogConfig: Setting CVar [[r.EyeAdaptationQuality:2]]
[2022.09.12-22.46.46:785][  0]LogConfig: Setting CVar [[r.BloomQuality:5]]
[2022.09.12-22.46.46:785][  0]LogConfig: Setting CVar [[r.FastBlurThreshold:100]]
[2022.09.12-22.46.46:785][  0]LogConfig: Setting CVar [[r.Upscale.Quality:3]]
[2022.09.12-22.46.46:785][  0]LogConfig: Setting CVar [[r.Tonemapper.GrainQuantization:1]]
[2022.09.12-22.46.46:785][  0]LogConfig: Setting CVar [[r.LightShaftQuality:1]]
[2022.09.12-22.46.46:785][  0]LogConfig: Setting CVar [[r.Filter.SizeScale:1]]
[2022.09.12-22.46.46:785][  0]LogConfig: Setting CVar [[r.Tonemapper.Quality:5]]
[2022.09.12-22.46.46:785][  0]LogConfig: Setting CVar [[r.DOF.Gather.AccumulatorQuality:1        ; higher gathering accumulator quality]]
[2022.09.12-22.46.46:785][  0]LogConfig: Setting CVar [[r.DOF.Gather.PostfilterMethod:1          ; Median3x3 postfilering method]]
[2022.09.12-22.46.46:785][  0]LogConfig: Setting CVar [[r.DOF.Gather.EnableBokehSettings:0       ; no bokeh simulation when gathering]]
[2022.09.12-22.46.46:785][  0]LogConfig: Setting CVar [[r.DOF.Gather.RingCount:4                 ; medium number of samples when gathering]]
[2022.09.12-22.46.46:785][  0]LogConfig: Setting CVar [[r.DOF.Scatter.ForegroundCompositing:1    ; additive foreground scattering]]
[2022.09.12-22.46.46:785][  0]LogConfig: Setting CVar [[r.DOF.Scatter.BackgroundCompositing:2    ; additive background scattering]]
[2022.09.12-22.46.46:785][  0]LogConfig: Setting CVar [[r.DOF.Scatter.EnableBokehSettings:1      ; bokeh simulation when scattering]]
[2022.09.12-22.46.46:785][  0]LogConfig: Setting CVar [[r.DOF.Scatter.MaxSpriteRatio:0.1         ; only a maximum of 10% of scattered bokeh]]
[2022.09.12-22.46.46:785][  0]LogConfig: Setting CVar [[r.DOF.Recombine.Quality:1                ; cheap slight out of focus]]
[2022.09.12-22.46.46:786][  0]LogConfig: Setting CVar [[r.DOF.Recombine.EnableBokehSettings:0    ; no bokeh simulation on slight out of focus]]
[2022.09.12-22.46.46:786][  0]LogConfig: Setting CVar [[r.DOF.TemporalAAQuality:1                ; more stable temporal accumulation]]
[2022.09.12-22.46.46:786][  0]LogConfig: Setting CVar [[r.DOF.Kernel.MaxForegroundRadius:0.025]]
[2022.09.12-22.46.46:786][  0]LogConfig: Setting CVar [[r.DOF.Kernel.MaxBackgroundRadius:0.025]]
[2022.09.12-22.46.46:786][  0]LogConfig: Applying CVar settings from Section [TextureQuality@3] File [D:/Workspace_Project/PotionParty/A22_PA_PotionParty/PotionParty/Saved/Config/Windows/Scalability.ini]
[2022.09.12-22.46.46:786][  0]LogConfig: Setting CVar [[r.Streaming.MipBias:0]]
[2022.09.12-22.46.46:786][  0]LogConfig: Setting CVar [[r.Streaming.AmortizeCPUToGPUCopy:0]]
[2022.09.12-22.46.46:786][  0]LogConfig: Setting CVar [[r.Streaming.MaxNumTexturesToStreamPerFrame:0]]
[2022.09.12-22.46.46:786][  0]LogConfig: Setting CVar [[r.Streaming.Boost:1]]
[2022.09.12-22.46.46:786][  0]LogConfig: Setting CVar [[r.MaxAnisotropy:8]]
[2022.09.12-22.46.46:786][  0]LogConfig: Setting CVar [[r.VT.MaxAnisotropy:8]]
[2022.09.12-22.46.46:786][  0]LogConfig: Setting CVar [[r.Streaming.LimitPoolSizeToVRAM:0]]
[2022.09.12-22.46.46:786][  0]LogConfig: Setting CVar [[r.Streaming.PoolSize:1000]]
[2022.09.12-22.46.46:786][  0]LogConfig: Setting CVar [[r.Streaming.MaxEffectiveScreenSize:0]]
[2022.09.12-22.46.46:786][  0]LogConfig: Applying CVar settings from Section [EffectsQuality@3] File [D:/Workspace_Project/PotionParty/A22_PA_PotionParty/PotionParty/Saved/Config/Windows/Scalability.ini]
[2022.09.12-22.46.46:786][  0]LogConfig: Setting CVar [[r.TranslucencyLightingVolumeDim:64]]
[2022.09.12-22.46.46:786][  0]LogConfig: Setting CVar [[r.RefractionQuality:2]]
[2022.09.12-22.46.46:786][  0]LogConfig: Setting CVar [[r.SSR.Quality:3]]
[2022.09.12-22.46.46:786][  0]LogConfig: Setting CVar [[r.SSR.HalfResSceneColor:0]]
[2022.09.12-22.46.46:786][  0]LogConfig: Setting CVar [[r.SceneColorFormat:4]]
[2022.09.12-22.46.46:786][  0]LogConfig: Setting CVar [[r.DetailMode:2]]
[2022.09.12-22.46.46:786][  0]LogConfig: Setting CVar [[r.TranslucencyVolumeBlur:1]]
[2022.09.12-22.46.46:786][  0]LogConfig: Setting CVar [[r.MaterialQualityLevel:1 ; High quality]]
[2022.09.12-22.46.46:786][  0]LogConfig: Setting CVar [[r.AnisotropicMaterials:1]]
[2022.09.12-22.46.46:786][  0]LogConfig: Setting CVar [[r.SSS.Scale:1]]
[2022.09.12-22.46.46:786][  0]LogConfig: Setting CVar [[r.SSS.SampleSet:2]]
[2022.09.12-22.46.46:786][  0]LogConfig: Setting CVar [[r.SSS.Quality:1]]
[2022.09.12-22.46.46:786][  0]LogConfig: Setting CVar [[r.SSS.HalfRes:0]]
[2022.09.12-22.46.46:786][  0]LogConfig: Setting CVar [[r.SSGI.Quality:3]]
[2022.09.12-22.46.46:786][  0]LogConfig: Setting CVar [[r.EmitterSpawnRateScale:1.0]]
[2022.09.12-22.46.46:786][  0]LogConfig: Setting CVar [[r.ParticleLightQuality:2]]
[2022.09.12-22.46.46:786][  0]LogConfig: Setting CVar [[r.SkyAtmosphere.AerialPerspectiveLUT.FastApplyOnOpaque:1 ; Always have FastSkyLUT 1 in this case to avoid wrong sky]]
[2022.09.12-22.46.46:786][  0]LogConfig: Setting CVar [[r.SkyAtmosphere.AerialPerspectiveLUT.SampleCountMaxPerSlice:4]]
[2022.09.12-22.46.46:786][  0]LogConfig: Setting CVar [[r.SkyAtmosphere.AerialPerspectiveLUT.DepthResolution:16.0]]
[2022.09.12-22.46.46:786][  0]LogConfig: Setting CVar [[r.SkyAtmosphere.FastSkyLUT:1]]
[2022.09.12-22.46.46:786][  0]LogConfig: Setting CVar [[r.SkyAtmosphere.FastSkyLUT.SampleCountMin:4.0]]
[2022.09.12-22.46.46:786][  0]LogConfig: Setting CVar [[r.SkyAtmosphere.FastSkyLUT.SampleCountMax:128.0]]
[2022.09.12-22.46.46:786][  0]LogConfig: Setting CVar [[r.SkyAtmosphere.SampleCountMin:4.0]]
[2022.09.12-22.46.46:786][  0]LogConfig: Setting CVar [[r.SkyAtmosphere.SampleCountMax:128.0]]
[2022.09.12-22.46.46:786][  0]LogConfig: Setting CVar [[r.SkyAtmosphere.TransmittanceLUT.UseSmallFormat:0]]
[2022.09.12-22.46.46:786][  0]LogConfig: Setting CVar [[r.SkyAtmosphere.TransmittanceLUT.SampleCount:10.0]]
[2022.09.12-22.46.46:786][  0]LogConfig: Setting CVar [[r.SkyAtmosphere.MultiScatteringLUT.SampleCount:15.0]]
[2022.09.12-22.46.46:786][  0]LogConfig: Setting CVar [[r.SkyLight.RealTimeReflectionCapture:1]]
[2022.09.12-22.46.46:786][  0]LogConfig: Applying CVar settings from Section [FoliageQuality@3] File [D:/Workspace_Project/PotionParty/A22_PA_PotionParty/PotionParty/Saved/Config/Windows/Scalability.ini]
[2022.09.12-22.46.46:786][  0]LogConfig: Setting CVar [[foliage.DensityScale:1.0]]
[2022.09.12-22.46.46:786][  0]LogConfig: Setting CVar [[grass.DensityScale:1.0]]
[2022.09.12-22.46.46:786][  0]LogConfig: Applying CVar settings from Section [ShadingQuality@3] File [D:/Workspace_Project/PotionParty/A22_PA_PotionParty/PotionParty/Saved/Config/Windows/Scalability.ini]
[2022.09.12-22.46.46:786][  0]LogConfig: Setting CVar [[r.HairStrands.SkyLighting.IntegrationType:2]]
[2022.09.12-22.46.46:786][  0]LogConfig: Setting CVar [[r.HairStrands.SkyAO.SampleCount:4]]
[2022.09.12-22.46.46:786][  0]LogConfig: Setting CVar [[r.HairStrands.Visibility.MSAA.SamplePerPixel:4]]
[2022.09.12-22.46.46:786][  0]LogConfig: Applying CVar settings from Section [Startup] File [../../../Engine/Config/ConsoleVariables.ini]
[2022.09.12-22.46.46:820][  0]LogConfig: Setting CVar [[net.UseAdaptiveNetUpdateFrequency:0]]
[2022.09.12-22.46.46:820][  0]LogConfig: Setting CVar [[p.chaos.AllowCreatePhysxBodies:1]]
[2022.09.12-22.46.46:820][  0]LogConfig: Setting CVar [[fx.SkipVectorVMBackendOptimizations:1]]
[2022.09.12-22.46.46:820][  0]LogConfig: Applying CVar settings from Section [ConsoleVariables] File [D:/Workspace_Project/PotionParty/A22_PA_PotionParty/PotionParty/Saved/Config/Windows/Engine.ini]
[2022.09.12-22.46.46:820][  0]LogConfig: Applying CVar settings from Section [ConsoleVariables] File [D:/Workspace_Project/PotionParty/A22_PA_PotionParty/PotionParty/Saved/Config/Windows/Editor.ini]
[2022.09.12-22.46.46:820][  0]LogInit: Computer: DESKTOP-QHEIV2F
[2022.09.12-22.46.46:820][  0]LogInit: User: ranoh
[2022.09.12-22.46.46:820][  0]LogInit: CPU Page size=4096, Cores=8
[2022.09.12-22.46.46:820][  0]LogInit: High frequency timer resolution =10.000000 MHz
[2022.09.12-22.46.46:820][  0]LogMemory: Memory total: Physical=15.9GB (16GB approx)
[2022.09.12-22.46.46:820][  0]LogMemory: Platform Memory Stats for Windows
[2022.09.12-22.46.46:820][  0]LogMemory: Process Physical Memory: 152.79 MB used, 152.80 MB peak
[2022.09.12-22.46.46:820][  0]LogMemory: Process Virtual Memory: 131.98 MB used, 131.98 MB peak
[2022.09.12-22.46.46:820][  0]LogMemory: Physical Memory: 9115.32 MB used,  7205.27 MB free, 16320.60 MB total
[2022.09.12-22.46.46:820][  0]LogMemory: Virtual Memory: 134203560.00 MB used,  14164.11 MB free, 134217728.00 MB total
[2022.09.12-22.46.46:890][  0]LogWindows: WindowsPlatformFeatures enabled
[2022.09.12-22.46.47:619][  0]LogInit: Physics initialised using underlying interface: PhysX
[2022.09.12-22.46.47:620][  0]LogInit: Using OS detected language (fr-CA).
[2022.09.12-22.46.47:620][  0]LogInit: Using OS detected locale (fr-CA).
[2022.09.12-22.46.47:711][  0]LogTextLocalizationManager: No specific localization for 'fr-CA' exists, so the 'fr' localization will be used.
[2022.09.12-22.46.47:713][  0]LogTextLocalizationResource: LocRes '../../../Engine/Content/Localization/Editor/fr/Editor.locres' could not be opened for reading!
[2022.09.12-22.46.47:713][  0]LogTextLocalizationResource: LocRes '../../../Engine/Content/Localization/EditorTutorials/fr/EditorTutorials.locres' could not be opened for reading!
[2022.09.12-22.46.47:713][  0]LogTextLocalizationResource: LocRes '../../../Engine/Content/Localization/Keywords/fr/Keywords.locres' could not be opened for reading!
[2022.09.12-22.46.47:713][  0]LogTextLocalizationResource: LocRes '../../../Engine/Content/Localization/Category/fr/Category.locres' could not be opened for reading!
[2022.09.12-22.46.47:721][  0]LogTextLocalizationResource: LocRes '../../../Engine/Content/Localization/ToolTips/fr/ToolTips.locres' could not be opened for reading!
[2022.09.12-22.46.47:729][  0]LogTextLocalizationResource: LocRes '../../../Engine/Content/Localization/PropertyNames/fr/PropertyNames.locres' could not be opened for reading!
[2022.09.12-22.46.47:729][  0]LogTextLocalizationResource: LocRes '../../../Engine/Content/Localization/Engine/fr/Engine.locres' could not be opened for reading!
[2022.09.12-22.46.48:005][  0]LogWindowsTextInputMethodSystem: Display: IME system deactivated.
[2022.09.12-22.46.48:432][  0]LogSlate: New Slate User Created.  User Index 0, Is Virtual User: 0
[2022.09.12-22.46.48:432][  0]LogSlate: Slate User Registered.  User Index 0, Is Virtual User: 0
[2022.09.12-22.46.48:551][  0]LogD3D11RHI: Loaded GFSDK_Aftermath_Lib.x64.dll
[2022.09.12-22.46.48:649][  0]LogHMD: Failed to initialize OpenVR with code 110
[2022.09.12-22.46.48:649][  0]LogD3D11RHI: D3D11 min allowed feature level: 11_0
[2022.09.12-22.46.48:649][  0]LogD3D11RHI: D3D11 max allowed feature level: 11_0
[2022.09.12-22.46.48:649][  0]LogD3D11RHI: D3D11 adapters:
[2022.09.12-22.46.48:855][  0]LogD3D11RHI:    0. 'NVIDIA GeForce GTX 1650' (Feature Level 11_0)
[2022.09.12-22.46.48:855][  0]LogD3D11RHI:       3962/0/8160 MB DedicatedVideo/DedicatedSystem/SharedSystem, Outputs:2, VendorId:0x10de
[2022.09.12-22.46.48:862][  0]LogD3D11RHI:    1. 'Microsoft Basic Render Driver' (Feature Level 11_0)
[2022.09.12-22.46.48:862][  0]LogD3D11RHI:       0/0/8160 MB DedicatedVideo/DedicatedSystem/SharedSystem, Outputs:0, VendorId:0x1414
[2022.09.12-22.46.48:862][  0]LogD3D11RHI: Chosen D3D11 Adapter:
[2022.09.12-22.46.48:862][  0]LogD3D11RHI:     Description : NVIDIA GeForce GTX 1650
[2022.09.12-22.46.48:862][  0]LogD3D11RHI:     VendorId    : 10de
[2022.09.12-22.46.48:862][  0]LogD3D11RHI:     DeviceId    : 1f82
[2022.09.12-22.46.48:862][  0]LogD3D11RHI:     SubSysId    : 86fa1043
[2022.09.12-22.46.48:862][  0]LogD3D11RHI:     Revision    : 00a1
[2022.09.12-22.46.48:862][  0]LogD3D11RHI:     DedicatedVideoMemory : 4154458112 bytes
[2022.09.12-22.46.48:863][  0]LogD3D11RHI:     DedicatedSystemMemory : 0 bytes
[2022.09.12-22.46.48:863][  0]LogD3D11RHI:     SharedSystemMemory : 8556693504 bytes
[2022.09.12-22.46.48:863][  0]LogD3D11RHI:     AdapterLuid : 0 53565
[2022.09.12-22.46.48:895][  0]LogD3D11RHI: Creating new Direct3DDevice
[2022.09.12-22.46.48:895][  0]LogD3D11RHI:     GPU DeviceId: 0x1f82 (for the marketing name, search the web for "GPU Device Id")
[2022.09.12-22.46.48:895][  0]LogWindows: EnumDisplayDevices:
[2022.09.12-22.46.48:896][  0]LogWindows:    0. 'NVIDIA GeForce GTX 1650' (P:1 D:1)
[2022.09.12-22.46.48:896][  0]LogWindows:    1. 'NVIDIA GeForce GTX 1650' (P:0 D:1)
[2022.09.12-22.46.48:896][  0]LogWindows:    2. 'NVIDIA GeForce GTX 1650' (P:0 D:0)
[2022.09.12-22.46.48:896][  0]LogWindows:    3. 'NVIDIA GeForce GTX 1650' (P:0 D:0)
[2022.09.12-22.46.48:897][  0]LogWindows: DebugString: FoundDriverCount:4 
[2022.09.12-22.46.48:897][  0]LogD3D11RHI:     Adapter Name: NVIDIA GeForce GTX 1650
[2022.09.12-22.46.48:897][  0]LogD3D11RHI:   Driver Version: 511.79 (internal:30.0.15.1179, unified:511.79)
[2022.09.12-22.46.48:897][  0]LogD3D11RHI:      Driver Date: 2-10-2022
[2022.09.12-22.46.48:897][  0]LogRHI: Texture pool is 2773 MB (70% of 3962 MB)
[2022.09.12-22.46.48:897][  0]LogD3D11RHI: Creating D3DDevice using adapter:
[2022.09.12-22.46.48:897][  0]LogD3D11RHI:     Description : NVIDIA GeForce GTX 1650
[2022.09.12-22.46.48:897][  0]LogD3D11RHI:     VendorId    : 10de
[2022.09.12-22.46.48:897][  0]LogD3D11RHI:     DeviceId    : 1f82
[2022.09.12-22.46.48:897][  0]LogD3D11RHI:     SubSysId    : 86fa1043
[2022.09.12-22.46.48:897][  0]LogD3D11RHI:     Revision    : 00a1
[2022.09.12-22.46.48:897][  0]LogD3D11RHI:     DedicatedVideoMemory : 4154458112 bytes
[2022.09.12-22.46.48:897][  0]LogD3D11RHI:     DedicatedSystemMemory : 0 bytes
[2022.09.12-22.46.48:897][  0]LogD3D11RHI:     SharedSystemMemory : 8556693504 bytes
[2022.09.12-22.46.48:897][  0]LogD3D11RHI:     AdapterLuid : 0 53565
[2022.09.12-22.46.49:046][  0]LogD3D11RHI: RHI has support for 64 bit atomics
[2022.09.12-22.46.49:047][  0]LogD3D11RHI: Async texture creation enabled
[2022.09.12-22.46.49:047][  0]LogD3D11RHI: Array index from any shader is supported
[2022.09.12-22.46.49:438][  0]LogD3D11RHI: GPU Timing Frequency: 1000.000000 (Debug: 2 1)
[2022.09.12-22.46.49:559][  0]LogRHI: GeForceNow SDK initialized: 1
[2022.09.12-22.46.53:472][  0]LogTargetPlatformManager: Display: Loaded TargetPlatform 'WindowsNoEditor'
[2022.09.12-22.46.53:490][  0]LogTargetPlatformManager: Display: Loaded TargetPlatform 'Windows'
[2022.09.12-22.46.53:505][  0]LogTargetPlatformManager: Display: Loaded TargetPlatform 'WindowsClient'
[2022.09.12-22.46.53:521][  0]LogTargetPlatformManager: Display: Loaded TargetPlatform 'WindowsServer'
[2022.09.12-22.46.53:521][  0]LogTargetPlatformManager: Display: Building Assets For Windows
[2022.09.12-22.46.53:764][  0]LogAudioDebug: Display: Lib vorbis DLL was dynamically loaded.
[2022.09.12-22.46.54:118][  0]LogTextureFormatOodle: Display: Oodle Texture 2.9.0 init RDO Off
[2022.09.12-22.46.54:626][  0]LogRendererCore: Ray tracing is disabled. Reason: r.RayTracing=0.
[2022.09.12-22.46.54:644][  0]LogShaderCompilers: Guid format shader working directory is -33 characters bigger than the processId version (../../../../../../Workspace_Project/PotionParty/A22_PA_PotionParty/PotionParty/Intermediate/Shaders/WorkingDirectory/44648/).
[2022.09.12-22.46.54:644][  0]LogShaderCompilers: Cleaned the shader compiler working directory 'C:/Users/ranoh/AppData/Local/Temp/UnrealShaderWorkingDir/E7120F1E4DF2C2A1B13E9A8C6F2A4A06/'.
[2022.09.12-22.46.54:656][  0]LogXGEController: Cannot use XGE Controller as Incredibuild is not installed on this machine.
[2022.09.12-22.46.54:656][  0]LogShaderCompilers: Cannot use XGE Shader Compiler as Incredibuild is not installed on this machine.
[2022.09.12-22.46.54:656][  0]LogShaderCompilers: Display: Using Local Shader Compiler.
[2022.09.12-22.46.58:969][  0]LogDerivedDataCache: Display: Max Cache Size: 512 MB
[2022.09.12-22.46.59:108][  0]LogDerivedDataCache: Loaded boot cache 0.14s 94MB C:/Users/ranoh/AppData/Local/UnrealEngine/4.27/DerivedDataCache/Boot.ddc.
[2022.09.12-22.46.59:108][  0]LogDerivedDataCache: Display: Loaded Boot cache: C:/Users/ranoh/AppData/Local/UnrealEngine/4.27/DerivedDataCache/Boot.ddc
[2022.09.12-22.46.59:108][  0]LogDerivedDataCache: FDerivedDataBackendGraph:  Pak pak cache file ../../../../../../Workspace_Project/PotionParty/A22_PA_PotionParty/PotionParty/DerivedDataCache/DDC.ddp not found, will not use a pak cache.
[2022.09.12-22.46.59:108][  0]LogDerivedDataCache: Unable to find inner node Pak for hierarchical cache Hierarchy.
[2022.09.12-22.46.59:108][  0]LogDerivedDataCache: FDerivedDataBackendGraph:  CompressedPak pak cache file ../../../../../../Workspace_Project/PotionParty/A22_PA_PotionParty/PotionParty/DerivedDataCache/Compressed.ddp not found, will not use a pak cache.
[2022.09.12-22.46.59:108][  0]LogDerivedDataCache: Unable to find inner node CompressedPak for hierarchical cache Hierarchy.
[2022.09.12-22.46.59:194][  0]LogDerivedDataCache: Display: Pak cache opened for reading ../../../Engine/DerivedDataCache/Compressed.ddp.
[2022.09.12-22.46.59:194][  0]LogDerivedDataCache: FDerivedDataBackendGraph:  EnterprisePak pak cache file ../../../Enterprise/DerivedDataCache/Compressed.ddp not found, will not use a pak cache.
[2022.09.12-22.46.59:194][  0]LogDerivedDataCache: Unable to find inner node EnterprisePak for hierarchical cache Hierarchy.
[2022.09.12-22.46.59:214][  0]LogDerivedDataCache: Speed tests for C:/Users/ranoh/AppData/Local/UnrealEngine/Common/DerivedDataCache took 0.02 seconds
[2022.09.12-22.46.59:214][  0]LogDerivedDataCache: Display: Performance to C:/Users/ranoh/AppData/Local/UnrealEngine/Common/DerivedDataCache: Latency=0.30ms. RandomReadSpeed=149.62MBs, RandomWriteSpeed=87.58MBs. Assigned SpeedClass 'Local'
[2022.09.12-22.46.59:215][  0]LogDerivedDataCache: Using Local data cache path C:/Users/ranoh/AppData/Local/UnrealEngine/Common/DerivedDataCache: Writable
[2022.09.12-22.46.59:215][  0]LogDerivedDataCache: Shared data cache path not found in *engine.ini, will not use an Shared cache.
[2022.09.12-22.46.59:215][  0]LogDerivedDataCache: Unable to find inner node Shared for hierarchical cache Hierarchy.
[2022.09.12-22.46.59:382][  0]LogSlate: Using FreeType 2.10.0
[2022.09.12-22.46.59:469][  0]LogSlate: SlateFontServices - WITH_FREETYPE: 1, WITH_HARFBUZZ: 1
[2022.09.12-22.47.00:406][  0]LogInit: Using OS detected language (fr-CA).
[2022.09.12-22.47.00:406][  0]LogInit: Using OS detected locale (fr-CA).
[2022.09.12-22.47.00:406][  0]LogTextLocalizationManager: No localization for 'fr-CA' exists, so 'en' will be used for the language.
[2022.09.12-22.47.00:406][  0]LogTextLocalizationManager: No localization for 'fr-CA' exists, so 'en' will be used for the locale.
[2022.09.12-22.47.00:407][  0]LogSlate: FontCache flush requested. Reason: Culture for localization was changed
[2022.09.12-22.47.00:407][  0]LogSlate: FontCache flush requested. Reason: Culture for localization was changed
[2022.09.12-22.47.00:632][  0]LogTextLocalizationManager: Compacting localization data took   0.01ms
[2022.09.12-22.47.00:632][  0]LogAssetRegistry: FAssetRegistry took 0.0203 seconds to start up
[2022.09.12-22.47.02:668][  0]LogPackageLocalizationCache: Processed 27 localized package path(s) for 1 prioritized culture(s) in 0.054377 seconds
[2022.09.12-22.47.02:969][  0]LogInit: Selected Device Profile: [Windows]
[2022.09.12-22.47.02:969][  0]LogInit: Active device profile: [0000021FA6305300][0000021FA022CD40 49] Windows
[2022.09.12-22.47.02:969][  0]LogInit: Profiles: [0000021FA6305300][0000021FA022CD40 49] Windows, [0000021FA62BED00][0000021FA0234EC0 49] WindowsNoEditor, [0000021FA6306500][0000021FA0239040 49] WindowsServer, [0000021FA62BFB00][0000021FA023D1C0 49] WindowsClient, [0000021FA6307200][0000021FA70B7340 49] IOS, [0000021FA62BD300][0000021FA70BB4C0 49] iPadAir, [0000021FA6306900][0000021FA70BF640 49] iPadAir2, [0000021FA6265C00][0000021FA70C3880 49] IPadPro, [0000021FA6265D00][0000021FA02318C0 49] iPadAir3, [0000021FA62BD800][0000021FA70C7A00 49] iPadAir4, [0000021FA6266C00][0000021FA70CBB40 49] iPadMini2, [0000021FA62BDB00][0000021FA70D2140 49] iPadMini3, [0000021FA6264B00][0000021FA70D62C0 49] iPadMini4, [0000021FA62BD700][0000021FA70DA440 49] iPadMini5, [0000021FA6275300][0000021FA70E2700 49] iPhone6, [0000021FA6275400][0000021FA70DE740 49] iPodTouch6, [0000021FA6305600][0000021FA70EAA00 49] iPhone7, [0000021FA6306B00][0000021FA70E6A40 49] iPodTouch7, [0000021FA6267B00][0000021FA70EEBC0 49] iPhone5S, [0000021FA6305800][0000021FA70F2D40 49] iPhone6Plus, [0000021FA6267000][0000021FA70F6EC0 49] iPhone6S, [0000021FA6307B00][0000021FA70FB040 49] iPhone6SPlus, [0000021FA6265500][0000021FA70FF1C0 49] iPhone7Plus, [0000021FA6304100][0000021FA7103340 49] iPhoneSE, [0000021FA6304B00][0000021FA71074C0 49] iPhone8, [0000021FA6274800][0000021FA710B640 49] iPhone8Plus, [0000021FA6305400][0000021FA710F7C0 49] iPhoneX, [0000021FA6274F00][0000021FA70CF900 49] iPhoneXS, [0000021FA6307700][0000021FA7113A40 49] iPhoneXSMax, [0000021FA6277100][0000021FA7117B80 49] iPhoneXR, [0000021FA6307800][0000021FA711A140 49] iPhone11, [0000021FA6277D00][0000021FA71222C0 49] iPhone11Pro, [0000021FA6266700][0000021FA7126440 49] iPhone11ProMax, [0000021FA6274600][0000021FA712A5C0 49] iPhoneSE2, [0000021FA6266100][0000021FA712E740 49] iPhone12Mini, [0000021FA6277800][0000021FA71328C0 49] iPhone12, [0000021FA6265A00][0000021FA7136A40 49] iPhone12Pro, [0000021FA6275E00][0000021FA713ABC0 49] iPhone12ProMax, [0000021FA6267F00][0000021FA713ED40 49] iPadPro105, [0000021FA6277400][0000021FA7142EC0 49] iPadPro129, [0000021FA6267700][0000021FA7147040 49] iPadPro97, [0000021FA6276200][0000021FA714B1C0 49] iPadPro2_129, [0000021FA6265600][0000021FA714F340 49] iPad5, [0000021FA6274C00][0000021FA71534C0 49] iPad6, [0000021FA6266500][0000021FA7157640 49] iPad7, [0000021FA6276B00][0000021FA715B7C0 49] iPad8, [0000021FA6265400][0000021FA715F940 49] iPadPro11, [0000021FA6277E00][0000021FA7163AC0 49] iPadPro2_11, [0000021FA6266000][0000021FA711FC00 49] iPadPro3_129, [0000021FA6276D00][0000021FA71661C0 49] iPadPro4_129, [0000021FA6264F00][0000021FA716A300 49] AppleTV, [0000021FA6275C00][0000021FA7172480 49] AppleTV4K, [0000021FA6265800][0000021FA7176600 49] TVOS, [0000021FA6276100][0000021FA717A780 49] Mac, [0000021FA6267400][0000021FA717E900 49] MacClient, [0000021FA6276700][0000021FA7182A80 49] MacNoEditor, [0000021FA6266E00][0000021FA7186C00 49] MacServer, [0000021FA6277F00][0000021FA718AD80 49] Linux, [0000021FA6267200][0000021FA718EF00 49] LinuxAArch64, [0000021FA6274400][0000021FA7193080 49] LinuxNoEditor, [0000021FA6266800][0000021FA7197200 49] LinuxAArch64NoEditor, [0000021FA6276000][0000021FA719B380 49] LinuxClient, [0000021FA6264500][0000021FA719F500 49] LinuxAArch64Client, [0000021FA6275A00][0000021FA71A3680 49] LinuxServer, [0000021FA6267100][0000021FA71A7800 49] LinuxAArch64Server, [0000021FA6276E00][0000021FA71AB980 49] Android, [0000021FA6267500][0000021FA71AFB00 49] Android_Low, [0000021FA6274A00][0000021FA71B2100 49] Android_Mid, [0000021FA6267A00][0000021FA716E240 49] Android_High, [0000021FA6275900][0000021FA71B6380 49] Android_Default, [0000021FA6264300][0000021FA71BA4C0 49] Android_Adreno4xx, [0000021FA6277200][0000021FA71C2640 49] Android_Adreno5xx_Low, [0000021FA6265300][0000021FA71C67C0 49] Android_Adreno5xx, [0000021FA6277300][0000021FA71CA940 49] Android_Adreno6xx, [0000021FA6266600][0000021FA71CEAC0 49] Android_Adreno6xx_Vulkan, [0000021FA6276400][0000021FA71D2C40 49] Android_Mali_T6xx, [0000021FA6264D00][0000021FA71D6DC0 49] Android_Mali_T7xx, [0000021FA6277600][0000021FA71DAF40 49] Android_Mali_T8xx, [0000021FA6267300][0000021FA71DF0C0 49] Android_Mali_G71, [0000021FA6277900][0000021FA71E3240 49] Android_Mali_G72, [0000021FA6265B00][0000021FA71E73C0 49] Android_Mali_G72_Vulkan, [0000021FA6276C00][0000021FA71EB540 49] Android_Mali_G76, [0000021FA6266F00][0000021FA71EF6C0 49] Android_Mali_G76_Vulkan, [0000021FA6304300][0000021FA71F3840 49] Android_Mali_G77, [0000021FA62BF400][0000021FA71F79C0 49] Android_Mali_G77_Vulkan, [0000021FA6306A00][0000021FA71FBB40 49] Android_Mali_G78, [0000021FA62BD900][0000021FA71FE140 49] Android_Mali_G78_Vulkan, [0000021FA6304900][0000021FA72022C0 49] Android_Mali_G710, [0000021FA62BEB00][0000021FA71BE400 49] Android_Mali_G710_Vulkan, [0000021FA6307300][0000021FA7206540 49] Android_Vulkan_SM5, [0000021FA62BD400][0000021FA720A680 49] Android_PowerVR_G6xxx, [0000021FA6306D00][0000021FA720E7C0 49] Android_PowerVR_GT7xxx, [0000021FA62BF600][0000021F9F342940 49] Android_PowerVR_GE8xxx, [0000021FA6306000][0000021F9F346AC0 49] Android_PowerVR_GM9xxx, [0000021FA62BEE00][0000021F9F34AC40 49] Android_PowerVR_GM9xxx_Vulkan, [0000021FA6304600][0000021F9F34EDC0 49] Android_TegraK1, [0000021FA62BD000][0000021F9F352F40 49] Android_Unknown_Vulkan, [0000021FA6306100][0000021F9F3570C0 49] Lumin, [0000021FA62BD600][0000021F9F35B240 49] Lumin_Desktop, [0000021FA6305D00][0000021F9F35F3C0 49] HoloLens, 
[2022.09.12-22.47.04:147][  0]LogMeshReduction: Using QuadricMeshReduction for automatic static mesh reduction
[2022.09.12-22.47.04:147][  0]LogMeshReduction: Using SimplygonMeshReduction for automatic skeletal mesh reduction
[2022.09.12-22.47.04:147][  0]LogMeshReduction: Using ProxyLODMeshReduction for automatic mesh merging
[2022.09.12-22.47.04:147][  0]LogMeshReduction: No distributed automatic mesh merging module available
[2022.09.12-22.47.04:147][  0]LogMeshMerging: No distributed automatic mesh merging module available
[2022.09.12-22.47.04:671][  0]LogNetVersion: PotionParty 1.0.0, NetCL: 17155196, EngineNetVer: 17, GameNetVer: 0 (Checksum: 1741702732)
[2022.09.12-22.47.10:667][  0]LogTexture: Default maximum texture size for cubemaps generated from long-lat sources has been changed from 512 to unlimited. In order to preserve old behaiour for '/Engine/MapTemplates/Sky/DaylightAmbientCubemap.DaylightAmbientCubemap', its maximum texture size has been explicitly set to 512.
[2022.09.12-22.47.11:186][  0]LogHMD: PokeAHoleMaterial loaded successfully
[2022.09.12-22.47.12:811][  0]LogMoviePlayer: Initializing movie player
[2022.09.12-22.47.13:636][  0]LogNiagaraDebuggerClient: Niagara Debugger Client Initialized | Session: 970867954D561B8691CE3CBC1F9F6FE8 | Instance: AD2263A6403F1FFEB22BAB84BF931D6A (DESKTOP-QHEIV2F-44648).
[2022.09.12-22.47.14:092][  0]LogCollectionManager: Loaded 0 collections in 0.001554 seconds
[2022.09.12-22.47.14:109][  0]LogFileCache: Scanning file cache for directory 'D:/Workspace_Project/PotionParty/A22_PA_PotionParty/PotionParty/Saved/Collections/' took 0.00s
[2022.09.12-22.47.14:109][  0]LogFileCache: Scanning file cache for directory 'D:/Workspace_Project/PotionParty/A22_PA_PotionParty/PotionParty/Content/Developers/ranoh/Collections/' took 0.00s
[2022.09.12-22.47.14:109][  0]LogFileCache: Scanning file cache for directory 'D:/Workspace_Project/PotionParty/A22_PA_PotionParty/PotionParty/Content/Collections/' took 0.00s
[2022.09.12-22.47.14:109][  0]LogCollectionManager: Fixed up redirectors for 0 collections in 0.000003 seconds (updated 0 objects)
[2022.09.12-22.47.15:457][  0]LogPython: Using Python 3.7.7
[2022.09.12-22.47.17:158][  0]SourceControl: Source control is disabled
[2022.09.12-22.47.17:170][  0]SourceControl: Source control is disabled
[2022.09.12-22.47.17:190][  0]LogUProjectInfo: Found projects:
[2022.09.12-22.47.17:211][  0]SourceControl: Source control is disabled
[2022.09.12-22.47.17:994][  0]LogOpenImageDenoise: OIDN starting up
[2022.09.12-22.47.18:037][  0]LogAndroidPermission: UAndroidPermissionCallbackProxy::GetInstance
[2022.09.12-22.47.18:114][  0]LogAudioCaptureCore: Display: No Audio Capture implementations found. Audio input will be silent.
[2022.09.12-22.47.18:114][  0]LogAudioCaptureCore: Display: No Audio Capture implementations found. Audio input will be silent.
[2022.09.12-22.47.18:435][  0]LogOcInput: OculusInput pre-init called
[2022.09.12-22.47.18:480][  0]LogUObjectArray: 22121 objects as part of root set at end of initial load.
[2022.09.12-22.47.18:480][  0]LogUObjectAllocator: 5975632 out of 0 bytes used by permanent object pool.
[2022.09.12-22.47.18:480][  0]LogUObjectArray: CloseDisregardForGC: 0/0 objects in disregard for GC pool
[2022.09.12-22.47.19:405][  0]LogEngine: Initializing Engine...
[2022.09.12-22.47.19:583][  0]LogHMD: Failed to enumerate extensions. Please check that you have a valid OpenXR runtime installed.
[2022.09.12-22.47.19:584][  0]LogHMD: Failed to initialize OpenVR with code 110
[2022.09.12-22.47.19:597][  0]LogMagicLeap: Warning: VR disabled because ZI is not enabled.  To enable, in the editor, Edit -> Project Settings -> Plugins -> Magic Leap Plugin -> Enable Zero Iteration
[2022.09.12-22.47.19:599][  0]LogStats: UGameplayTagsManager::InitializeManager -  0.001 s
[2022.09.12-22.47.20:141][  0]LogInit: Initializing FReadOnlyCVARCache
[2022.09.12-22.47.20:141][  0]LogAudio: Display: Initializing Audio Device Manager...
[2022.09.12-22.47.20:157][  0]LogAudio: Display: Loading Default Audio Settings Objects...
[2022.09.12-22.47.20:172][  0]LogAudio: Display: No default SoundConcurrencyObject specified (or failed to load).
[2022.09.12-22.47.20:203][  0]LogAudio: Display: Audio Device Manager Initialized
[2022.09.12-22.47.20:203][  0]LogAudio: Display: Creating Audio Device:                 Id: 1, Scope: Shared, Realtime: True
[2022.09.12-22.47.20:221][  0]LogAudioMixer: Display: Audio Mixer Platform Settings:
[2022.09.12-22.47.20:221][  0]LogAudioMixer: Display: 	Sample Rate:						  48000
[2022.09.12-22.47.20:221][  0]LogAudioMixer: Display: 	Callback Buffer Frame Size Requested: 1024
[2022.09.12-22.47.20:221][  0]LogAudioMixer: Display: 	Callback Buffer Frame Size To Use:	  1024
[2022.09.12-22.47.20:221][  0]LogAudioMixer: Display: 	Number of buffers to queue:			  2
[2022.09.12-22.47.20:221][  0]LogAudioMixer: Display: 	Max Channels (voices):				  32
[2022.09.12-22.47.20:221][  0]LogAudioMixer: Display: 	Number of Async Source Workers:		  0
[2022.09.12-22.47.20:221][  0]LogAudio: Display: AudioDevice MaxSources: 32
[2022.09.12-22.47.20:245][  0]LogAudio: Display: Audio Spatialization Plugin: None (built-in).
[2022.09.12-22.47.20:245][  0]LogAudio: Display: Audio Reverb Plugin: None (built-in).
[2022.09.12-22.47.20:245][  0]LogAudio: Display: Audio Occlusion Plugin: None (built-in).
[2022.09.12-22.47.20:245][  0]LogAudioMixer: Display: Initializing audio mixer.
[2022.09.12-22.47.20:852][  0]LogAudioMixer: Display: 0: FrontLeft
[2022.09.12-22.47.20:852][  0]LogAudioMixer: Display: 1: FrontRight
[2022.09.12-22.47.21:051][  0]LogAudioMixer: Display: Using Audio Device VG245 (NVIDIA High Definition Audio)
[2022.09.12-22.47.21:086][  0]LogAudioMixer: Display: Initializing Sound Submixes...
[2022.09.12-22.47.21:125][  0]LogAudioMixer: Display: Creating Master Submix 'MasterSubmixDefault'
[2022.09.12-22.47.21:125][  0]LogAudioMixer: Display: Creating Master Submix 'MasterReverbSubmixDefault'
[2022.09.12-22.47.21:127][  0]LogAudioMixer: Display: Creating Master Submix 'MasterEQSubmixDefault'
[2022.09.12-22.47.21:127][  0]LogAudioMixer: FMixerPlatformXAudio2::StartAudioStream() called
[2022.09.12-22.47.21:127][  0]LogAudioMixer: Display: Output buffers initialized: Frames=1024, Channels=2, Samples=2048
[2022.09.12-22.47.21:128][  0]LogAudioMixer: Display: Starting AudioMixerPlatformInterface::RunInternal()
[2022.09.12-22.47.21:128][  0]LogAudioMixer: Display: FMixerPlatformXAudio2::SubmitBuffer() called for the first time
[2022.09.12-22.47.21:128][  0]LogInit: FAudioDevice initialized.
[2022.09.12-22.47.21:130][  0]LogNetVersion: Set ProjectVersion to 1.0.0.0. Version Checksum will be recalculated on next use.
[2022.09.12-22.47.21:207][  0]LogDerivedDataCache: Saved boot cache 0.08s 94MB C:/Users/ranoh/AppData/Local/UnrealEngine/4.27/DerivedDataCache/Boot.ddc.
[2022.09.12-22.47.21:208][  0]LogInit: Texture streaming: Enabled
[2022.09.12-22.47.22:194][  0]LogAudio: Display: Audio Device (ID: 1) registered with world 'Untitled'.
[2022.09.12-22.47.22:216][  0]LogSlate: Updating window title bar state: overlay mode, drag disabled, window buttons hidden, title bar hidden
[2022.09.12-22.47.22:232][  0]LogInit: Display: Game Engine Initialized.
[2022.09.12-22.47.22:261][  0]LogNiagaraEditor: GEditor isn't valid! Particle reset commands will not work for Niagara components!
[2022.09.12-22.47.23:010][  0]LogInit: Display: Starting Game.
[2022.09.12-22.47.23:015][  0]LogNet: Browse: /Game/ThirdPersonBP/Maps/ThirdPersonExampleMap?Name=Player
[2022.09.12-22.47.23:024][  0]LogLoad: LoadMap: /Game/ThirdPersonBP/Maps/ThirdPersonExampleMap?Name=Player
[2022.09.12-22.47.23:024][  0]LogWorld: BeginTearingDown for /Temp/Untitled_0
[2022.09.12-22.47.23:078][  0]LogWorld: UWorld::CleanupWorld for Untitled, bSessionEnded=true, bCleanupResources=true
[2022.09.12-22.47.23:118][  0]LogSlate: InvalidateAllWidgets triggered.  All widgets were invalidated
[2022.09.12-22.47.23:376][  0]LogAudio: Display: Audio Device unregistered from world 'None'.
[2022.09.12-22.47.23:420][  0]LogUObjectHash: Compacting FUObjectHashTables data took   0.93ms
[2022.09.12-22.47.23:772][  0]LogUObjectGlobals: Warning: Failed to load '/Game/ThirdPersonBP/Maps/ThirdPersonExampleMap_BuiltData': Can't find file.
[2022.09.12-22.47.24:100][  0]LogUObjectGlobals: Warning: [AssetLog] D:\Workspace_Project\PotionParty\A22_PA_PotionParty\PotionParty\Content\ThirdPersonBP\Maps\ThirdPersonExampleMap.umap: Failed to load '/Game/ThirdPersonBP/Maps/ThirdPersonExampleMap_BuiltData': Can't find file.
[2022.09.12-22.47.24:712][  0]LogAnimationCompression: Building Anim DDC data for AnimSequence /Game/ThirdPersonBP/Animation/Running4UE4.Running4UE4
[2022.09.12-22.47.24:712][  0]LogAnimationCompression: Building Anim DDC data for AnimSequence /Game/ThirdPersonBP/Animation/Punching_1_4UE4.Punching_1_4UE4
[2022.09.12-22.47.24:715][  0]LogAudio: Display: Audio Device (ID: 1) registered with world 'ThirdPersonExampleMap'.
[2022.09.12-22.47.24:916][  0]LogAIModule: Creating AISystem for world ThirdPersonExampleMap
[2022.09.12-22.47.24:950][  0]LogLoad: Game class is 'BP_GameMode_C'
[2022.09.12-22.47.25:295][  0]LogWorld: Bringing World /Game/ThirdPersonBP/Maps/ThirdPersonExampleMap.ThirdPersonExampleMap up for play (max tick rate 0) at 2022.09.12-18.47.25
[2022.09.12-22.47.25:295][  0]LogWorld: Bringing up level for play took: 0.323167
[2022.09.12-22.47.25:585][  0]LogLoad: Took 2.561212 seconds to LoadMap(/Game/ThirdPersonBP/Maps/ThirdPersonExampleMap)
[2022.09.12-22.47.25:756][  0]LogRenderer: Reallocating scene render targets to support 1920x1080 Format 10 NumSamples 1 (Frame:1).
[2022.09.12-22.47.25:756][  0]LogSlate: Took 0.056108 seconds to synchronously load lazily loaded font '../../../Engine/Content/Slate/Fonts/Roboto-Regular.ttf' (155K)
[2022.09.12-22.47.26:242][  0]LogInit: Display: Engine is initialized. Leaving FEngineLoop::Init()
[2022.09.12-22.47.26:242][  0]LogLoad: (Engine Initialization) Total time: 74.88 seconds
[2022.09.12-22.47.26:242][  0]LogLoad: (Engine Initialization) Total Blueprint compile time: 0.00 seconds
[2022.09.12-22.47.26:398][  0]LogContentStreaming: Texture pool size now 1000 MB
[2022.09.12-22.47.26:435][  0]LogRenderer: Reallocating scene render targets to support 128x128 Format 10 NumSamples 1 (Frame:1).
[2022.09.12-22.47.26:435][  0]LogSlate: New Slate User Created.  User Index 1, Is Virtual User: 0
[2022.09.12-22.47.26:435][  0]LogSlate: Slate User Registered.  User Index 1, Is Virtual User: 0
[2022.09.12-22.47.26:437][  0]LogSlate: InvalidateAllWidgets triggered.  All widgets were invalidated
[2022.09.12-22.47.26:537][  0]LogRenderer: Reallocating scene render targets to support 1920x1080 Format 10 NumSamples 1 (Frame:2).
[2022.09.12-22.47.26:678][  1]LogSlate: Took 0.000317 seconds to synchronously load lazily loaded font '../../../Engine/Content/Slate/Fonts/Roboto-Regular.ttf' (155K)
